<?xml version="1.0" encoding="UTF-8"?>
<testsuite xmlns:xsi="http://www.w3.org/2001/XMLSchema-instance" xsi:noNamespaceSchemaLocation="https://maven.apache.org/surefire/maven-surefire-plugin/xsd/surefire-test-report-3.0.xsd" version="3.0" name="com.intuit.karate.gatling.javaapi.KarateProtocolBuilderTest" time="0.385" tests="2" errors="0" skipped="0" failures="0">
  <properties>
    <property name="java.specification.version" value="21"/>
    <property name="sun.cpu.isalist" value="amd64"/>
    <property name="sun.jnu.encoding" value="Cp1252"/>
    <property name="java.class.path" value="C:\Users\luisa\Desktop\KarateV1\karate-gatling\target\test-classes;C:\Users\luisa\Desktop\KarateV1\karate-gatling\target\classes;C:\Users\luisa\.m2\repository\io\karatelabs\karate-core\1.5.0\karate-core-1.5.0.jar;C:\Users\luisa\.m2\repository\org\graalvm\js\js-scriptengine\24.0.0\js-scriptengine-24.0.0.jar;C:\Users\luisa\.m2\repository\org\graalvm\polyglot\polyglot\24.0.0\polyglot-24.0.0.jar;C:\Users\luisa\.m2\repository\org\graalvm\sdk\collections\24.0.0\collections-24.0.0.jar;C:\Users\luisa\.m2\repository\org\graalvm\sdk\nativeimage\24.0.0\nativeimage-24.0.0.jar;C:\Users\luisa\.m2\repository\org\graalvm\sdk\word\24.0.0\word-24.0.0.jar;C:\Users\luisa\.m2\repository\org\graalvm\js\js-language\24.0.0\js-language-24.0.0.jar;C:\Users\luisa\.m2\repository\org\graalvm\regex\regex\24.0.0\regex-24.0.0.jar;C:\Users\luisa\.m2\repository\org\graalvm\truffle\truffle-api\24.0.0\truffle-api-24.0.0.jar;C:\Users\luisa\.m2\repository\org\graalvm\shadowed\icu4j\24.0.0\icu4j-24.0.0.jar;C:\Users\luisa\.m2\repository\org\thymeleaf\thymeleaf\3.1.2.RELEASE\thymeleaf-3.1.2.RELEASE.jar;C:\Users\luisa\.m2\repository\ognl\ognl\3.3.4\ognl-3.3.4.jar;C:\Users\luisa\.m2\repository\org\javassist\javassist\3.29.0-GA\javassist-3.29.0-GA.jar;C:\Users\luisa\.m2\repository\org\attoparser\attoparser\2.0.7.RELEASE\attoparser-2.0.7.RELEASE.jar;C:\Users\luisa\.m2\repository\org\unbescape\unbescape\1.1.6.RELEASE\unbescape-1.1.6.RELEASE.jar;C:\Users\luisa\.m2\repository\com\linecorp\armeria\armeria\1.29.2\armeria-1.29.2.jar;C:\Users\luisa\.m2\repository\com\fasterxml\jackson\core\jackson-core\2.17.1\jackson-core-2.17.1.jar;C:\Users\luisa\.m2\repository\com\fasterxml\jackson\core\jackson-annotations\2.17.1\jackson-annotations-2.17.1.jar;C:\Users\luisa\.m2\repository\com\fasterxml\jackson\core\jackson-databind\2.17.1\jackson-databind-2.17.1.jar;C:\Users\luisa\.m2\repository\com\fasterxml\jackson\datatype\jackson-datatype-jdk8\2.17.1\jackson-datatype-jdk8-2.17.1.jar;C:\Users\luisa\.m2\repository\com\fasterxml\jackson\datatype\jackson-datatype-jsr310\2.17.1\jackson-datatype-jsr310-2.17.1.jar;C:\Users\luisa\.m2\repository\io\micrometer\micrometer-core\1.13.0\micrometer-core-1.13.0.jar;C:\Users\luisa\.m2\repository\io\micrometer\micrometer-commons\1.13.0\micrometer-commons-1.13.0.jar;C:\Users\luisa\.m2\repository\io\micrometer\micrometer-observation\1.13.0\micrometer-observation-1.13.0.jar;C:\Users\luisa\.m2\repository\org\hdrhistogram\HdrHistogram\2.2.1\HdrHistogram-2.2.1.jar;C:\Users\luisa\.m2\repository\org\latencyutils\LatencyUtils\2.0.3\LatencyUtils-2.0.3.jar;C:\Users\luisa\.m2\repository\io\netty\netty-transport\4.1.110.Final\netty-transport-4.1.110.Final.jar;C:\Users\luisa\.m2\repository\io\netty\netty-common\4.1.110.Final\netty-common-4.1.110.Final.jar;C:\Users\luisa\.m2\repository\io\netty\netty-buffer\4.1.110.Final\netty-buffer-4.1.110.Final.jar;C:\Users\luisa\.m2\repository\io\netty\netty-resolver\4.1.110.Final\netty-resolver-4.1.110.Final.jar;C:\Users\luisa\.m2\repository\io\netty\netty-codec-haproxy\4.1.110.Final\netty-codec-haproxy-4.1.110.Final.jar;C:\Users\luisa\.m2\repository\io\netty\netty-codec\4.1.110.Final\netty-codec-4.1.110.Final.jar;C:\Users\luisa\.m2\repository\io\netty\netty-codec-http2\4.1.110.Final\netty-codec-http2-4.1.110.Final.jar;C:\Users\luisa\.m2\repository\io\netty\netty-handler\4.1.110.Final\netty-handler-4.1.110.Final.jar;C:\Users\luisa\.m2\repository\io\netty\netty-codec-http\4.1.110.Final\netty-codec-http-4.1.110.Final.jar;C:\Users\luisa\.m2\repository\io\netty\netty-resolver-dns\4.1.110.Final\netty-resolver-dns-4.1.110.Final.jar;C:\Users\luisa\.m2\repository\io\netty\netty-codec-dns\4.1.110.Final\netty-codec-dns-4.1.110.Final.jar;C:\Users\luisa\.m2\repository\io\netty\netty-transport-native-unix-common\4.1.110.Final\netty-transport-native-unix-common-4.1.110.Final-linux-x86_64.jar;C:\Users\luisa\.m2\repository\io\netty\netty-transport-native-unix-common\4.1.110.Final\netty-transport-native-unix-common-4.1.110.Final-linux-aarch_64.jar;C:\Users\luisa\.m2\repository\io\netty\netty-transport-native-unix-common\4.1.110.Final\netty-transport-native-unix-common-4.1.110.Final-osx-x86_64.jar;C:\Users\luisa\.m2\repository\io\netty\netty-transport-native-unix-common\4.1.110.Final\netty-transport-native-unix-common-4.1.110.Final-osx-aarch_64.jar;C:\Users\luisa\.m2\repository\org\reactivestreams\reactive-streams\1.0.4\reactive-streams-1.0.4.jar;C:\Users\luisa\.m2\repository\com\google\code\findbugs\jsr305\3.0.2\jsr305-3.0.2.jar;C:\Users\luisa\.m2\repository\io\netty\netty-handler-proxy\4.1.110.Final\netty-handler-proxy-4.1.110.Final.jar;C:\Users\luisa\.m2\repository\io\netty\netty-codec-socks\4.1.110.Final\netty-codec-socks-4.1.110.Final.jar;C:\Users\luisa\.m2\repository\io\netty\netty-transport-native-epoll\4.1.110.Final\netty-transport-native-epoll-4.1.110.Final-linux-x86_64.jar;C:\Users\luisa\.m2\repository\io\netty\netty-transport-native-unix-common\4.1.110.Final\netty-transport-native-unix-common-4.1.110.Final.jar;C:\Users\luisa\.m2\repository\io\netty\netty-transport-classes-epoll\4.1.110.Final\netty-transport-classes-epoll-4.1.110.Final.jar;C:\Users\luisa\.m2\repository\io\netty\netty-transport-native-epoll\4.1.110.Final\netty-transport-native-epoll-4.1.110.Final-linux-aarch_64.jar;C:\Users\luisa\.m2\repository\io\netty\netty-transport-native-kqueue\4.1.110.Final\netty-transport-native-kqueue-4.1.110.Final-osx-x86_64.jar;C:\Users\luisa\.m2\repository\io\netty\netty-transport-classes-kqueue\4.1.110.Final\netty-transport-classes-kqueue-4.1.110.Final.jar;C:\Users\luisa\.m2\repository\io\netty\netty-resolver-dns-native-macos\4.1.110.Final\netty-resolver-dns-native-macos-4.1.110.Final-osx-x86_64.jar;C:\Users\luisa\.m2\repository\io\netty\netty-resolver-dns-classes-macos\4.1.110.Final\netty-resolver-dns-classes-macos-4.1.110.Final.jar;C:\Users\luisa\.m2\repository\io\netty\netty-transport-native-kqueue\4.1.110.Final\netty-transport-native-kqueue-4.1.110.Final-osx-aarch_64.jar;C:\Users\luisa\.m2\repository\io\netty\netty-resolver-dns-native-macos\4.1.110.Final\netty-resolver-dns-native-macos-4.1.110.Final-osx-aarch_64.jar;C:\Users\luisa\.m2\repository\io\netty\netty-tcnative-boringssl-static\2.0.65.Final\netty-tcnative-boringssl-static-2.0.65.Final-linux-x86_64.jar;C:\Users\luisa\.m2\repository\io\netty\netty-tcnative-classes\2.0.65.Final\netty-tcnative-classes-2.0.65.Final.jar;C:\Users\luisa\.m2\repository\io\netty\netty-tcnative-boringssl-static\2.0.65.Final\netty-tcnative-boringssl-static-2.0.65.Final-linux-aarch_64.jar;C:\Users\luisa\.m2\repository\io\netty\netty-tcnative-boringssl-static\2.0.65.Final\netty-tcnative-boringssl-static-2.0.65.Final-osx-x86_64.jar;C:\Users\luisa\.m2\repository\io\netty\netty-tcnative-boringssl-static\2.0.65.Final\netty-tcnative-boringssl-static-2.0.65.Final-osx-aarch_64.jar;C:\Users\luisa\.m2\repository\io\netty\netty-tcnative-boringssl-static\2.0.65.Final\netty-tcnative-boringssl-static-2.0.65.Final-windows-x86_64.jar;C:\Users\luisa\.m2\repository\com\aayushatharva\brotli4j\brotli4j\1.16.0\brotli4j-1.16.0.jar;C:\Users\luisa\.m2\repository\com\aayushatharva\brotli4j\service\1.16.0\service-1.16.0.jar;C:\Users\luisa\.m2\repository\com\aayushatharva\brotli4j\native-windows-x86_64\1.16.0\native-windows-x86_64-1.16.0.jar;C:\Users\luisa\.m2\repository\org\apache\httpcomponents\httpclient\4.5.14\httpclient-4.5.14.jar;C:\Users\luisa\.m2\repository\org\apache\httpcomponents\httpcore\4.4.16\httpcore-4.4.16.jar;C:\Users\luisa\.m2\repository\commons-codec\commons-codec\1.16.1\commons-codec-1.16.1.jar;C:\Users\luisa\.m2\repository\ch\qos\logback\logback-classic\1.5.4\logback-classic-1.5.4.jar;C:\Users\luisa\.m2\repository\ch\qos\logback\logback-core\1.5.4\logback-core-1.5.4.jar;C:\Users\luisa\.m2\repository\org\slf4j\jcl-over-slf4j\2.0.12\jcl-over-slf4j-2.0.12.jar;C:\Users\luisa\.m2\repository\org\slf4j\slf4j-api\2.0.12\slf4j-api-2.0.12.jar;C:\Users\luisa\.m2\repository\org\antlr\antlr4-runtime\4.13.1\antlr4-runtime-4.13.1.jar;C:\Users\luisa\.m2\repository\com\jayway\jsonpath\json-path\2.9.0\json-path-2.9.0.jar;C:\Users\luisa\.m2\repository\net\minidev\json-smart\2.5.1\json-smart-2.5.1.jar;C:\Users\luisa\.m2\repository\net\minidev\accessors-smart\2.5.1\accessors-smart-2.5.1.jar;C:\Users\luisa\.m2\repository\org\ow2\asm\asm\9.6\asm-9.6.jar;C:\Users\luisa\.m2\repository\org\yaml\snakeyaml\2.2\snakeyaml-2.2.jar;C:\Users\luisa\.m2\repository\de\siegmar\fastcsv\3.1.0\fastcsv-3.1.0.jar;C:\Users\luisa\.m2\repository\info\picocli\picocli\4.7.5\picocli-4.7.5.jar;C:\Users\luisa\.m2\repository\io\github\classgraph\classgraph\4.8.170\classgraph-4.8.170.jar;C:\Users\luisa\.m2\repository\io\github\t12y\resemble\1.1.0\resemble-1.1.0.jar;C:\Users\luisa\.m2\repository\io\github\t12y\ssim\1.0.0\ssim-1.0.0.jar;C:\Users\luisa\.m2\repository\io\gatling\highcharts\gatling-charts-highcharts\3.9.5\gatling-charts-highcharts-3.9.5.jar;C:\Users\luisa\.m2\repository\io\gatling\gatling-app\3.9.5\gatling-app-3.9.5.jar;C:\Users\luisa\.m2\repository\io\gatling\gatling-core\3.9.5\gatling-core-3.9.5.jar;C:\Users\luisa\.m2\repository\io\gatling\gatling-netty-util\3.9.5\gatling-netty-util-3.9.5.jar;C:\Users\luisa\.m2\repository\io\gatling\gatling-jdk-util\3.9.5\gatling-jdk-util-3.9.5.jar;C:\Users\luisa\.m2\repository\io\netty\incubator\netty-incubator-transport-native-io_uring\0.0.21.Final\netty-incubator-transport-native-io_uring-0.0.21.Final-linux-x86_64.jar;C:\Users\luisa\.m2\repository\io\netty\incubator\netty-incubator-transport-classes-io_uring\0.0.21.Final\netty-incubator-transport-classes-io_uring-0.0.21.Final.jar;C:\Users\luisa\.m2\repository\io\netty\incubator\netty-incubator-transport-native-io_uring\0.0.21.Final\netty-incubator-transport-native-io_uring-0.0.21.Final-linux-aarch_64.jar;C:\Users\luisa\.m2\repository\io\gatling\gatling-commons\3.9.5\gatling-commons-3.9.5.jar;C:\Users\luisa\.m2\repository\io\gatling\gatling-commons-shared\3.9.5\gatling-commons-shared-3.9.5.jar;C:\Users\luisa\.m2\repository\org\scala-lang\scala-reflect\2.13.10\scala-reflect-2.13.10.jar;C:\Users\luisa\.m2\repository\io\suzaku\boopickle_2.13\1.3.3\boopickle_2.13-1.3.3.jar;C:\Users\luisa\.m2\repository\io\gatling\gatling-commons-shared-unstable\3.9.5\gatling-commons-shared-unstable-3.9.5.jar;C:\Users\luisa\.m2\repository\org\typelevel\spire-macros_2.13\0.17.0\spire-macros_2.13-0.17.0.jar;C:\Users\luisa\.m2\repository\com\typesafe\scala-logging\scala-logging_2.13\3.9.5\scala-logging_2.13-3.9.5.jar;C:\Users\luisa\.m2\repository\io\gatling\gatling-jsonpath\3.9.5\gatling-jsonpath-3.9.5.jar;C:\Users\luisa\.m2\repository\com\typesafe\akka\akka-slf4j_2.13\2.6.20\akka-slf4j_2.13-2.6.20.jar;C:\Users\luisa\.m2\repository\org\simpleflatmapper\lightning-csv\8.2.3\lightning-csv-8.2.3.jar;C:\Users\luisa\.m2\repository\org\simpleflatmapper\sfm-util\8.2.3\sfm-util-8.2.3.jar;C:\Users\luisa\.m2\repository\com\github\ben-manes\caffeine\caffeine\2.9.3\caffeine-2.9.3.jar;C:\Users\luisa\.m2\repository\org\checkerframework\checker-qual\3.19.0\checker-qual-3.19.0.jar;C:\Users\luisa\.m2\repository\com\google\errorprone\error_prone_annotations\2.10.0\error_prone_annotations-2.10.0.jar;C:\Users\luisa\.m2\repository\io\pebbletemplates\pebble\3.2.1\pebble-3.2.1.jar;C:\Users\luisa\.m2\repository\org\scala-lang\modules\scala-parser-combinators_2.13\2.3.0\scala-parser-combinators_2.13-2.3.0.jar;C:\Users\luisa\.m2\repository\com\github\scopt\scopt_2.13\3.7.1\scopt_2.13-3.7.1.jar;C:\Users\luisa\.m2\repository\com\softwaremill\quicklens\quicklens_2.13\1.9.3\quicklens_2.13-1.9.3.jar;C:\Users\luisa\.m2\repository\net\sf\saxon\Saxon-HE\10.6\Saxon-HE-10.6.jar;C:\Users\luisa\.m2\repository\org\jodd\jodd-lagarto\6.0.6\jodd-lagarto-6.0.6.jar;C:\Users\luisa\.m2\repository\org\jodd\jodd-util\6.1.0\jodd-util-6.1.0.jar;C:\Users\luisa\.m2\repository\io\burt\jmespath-jackson\0.5.1\jmespath-jackson-0.5.1.jar;C:\Users\luisa\.m2\repository\io\burt\jmespath-core\0.5.1\jmespath-core-0.5.1.jar;C:\Users\luisa\.m2\repository\io\gatling\gatling-core-java\3.9.5\gatling-core-java-3.9.5.jar;C:\Users\luisa\.m2\repository\net\jodah\typetools\0.6.3\typetools-0.6.3.jar;C:\Users\luisa\.m2\repository\io\gatling\gatling-http\3.9.5\gatling-http-3.9.5.jar;C:\Users\luisa\.m2\repository\io\gatling\gatling-http-client\3.9.5\gatling-http-client-3.9.5.jar;C:\Users\luisa\.m2\repository\io\netty\netty-tcnative-boringssl-static\2.0.61.Final\netty-tcnative-boringssl-static-2.0.61.Final.jar;C:\Users\luisa\.m2\repository\com\aayushatharva\brotli4j\native-linux-x86_64\1.11.0\native-linux-x86_64-1.11.0.jar;C:\Users\luisa\.m2\repository\com\aayushatharva\brotli4j\native-linux-aarch64\1.11.0\native-linux-aarch64-1.11.0.jar;C:\Users\luisa\.m2\repository\com\aayushatharva\brotli4j\native-osx-x86_64\1.11.0\native-osx-x86_64-1.11.0.jar;C:\Users\luisa\.m2\repository\com\aayushatharva\brotli4j\native-osx-aarch64\1.11.0\native-osx-aarch64-1.11.0.jar;C:\Users\luisa\.m2\repository\io\gatling\gatling-http-java\3.9.5\gatling-http-java-3.9.5.jar;C:\Users\luisa\.m2\repository\io\gatling\gatling-jms\3.9.5\gatling-jms-3.9.5.jar;C:\Users\luisa\.m2\repository\javax\jms\javax.jms-api\2.0.1\javax.jms-api-2.0.1.jar;C:\Users\luisa\.m2\repository\com\eatthepath\fast-uuid\0.2.0\fast-uuid-0.2.0.jar;C:\Users\luisa\.m2\repository\io\gatling\gatling-jms-java\3.9.5\gatling-jms-java-3.9.5.jar;C:\Users\luisa\.m2\repository\io\gatling\gatling-mqtt\3.9.5\gatling-mqtt-3.9.5.jar;C:\Users\luisa\.m2\repository\io\netty\netty-codec-mqtt\4.1.92.Final\netty-codec-mqtt-4.1.92.Final.jar;C:\Users\luisa\.m2\repository\io\gatling\gatling-mqtt-java\3.9.5\gatling-mqtt-java-3.9.5.jar;C:\Users\luisa\.m2\repository\io\gatling\gatling-jdbc\3.9.5\gatling-jdbc-3.9.5.jar;C:\Users\luisa\.m2\repository\io\gatling\gatling-jdbc-java\3.9.5\gatling-jdbc-java-3.9.5.jar;C:\Users\luisa\.m2\repository\io\gatling\gatling-redis\3.9.5\gatling-redis-3.9.5.jar;C:\Users\luisa\.m2\repository\net\debasishg\redisclient_2.13\3.42\redisclient_2.13-3.42.jar;C:\Users\luisa\.m2\repository\org\apache\commons\commons-pool2\2.8.0\commons-pool2-2.8.0.jar;C:\Users\luisa\.m2\repository\io\gatling\gatling-redis-java\3.9.5\gatling-redis-java-3.9.5.jar;C:\Users\luisa\.m2\repository\io\gatling\gatling-graphite\3.9.5\gatling-graphite-3.9.5.jar;C:\Users\luisa\.m2\repository\io\gatling\gatling-charts\3.9.5\gatling-charts-3.9.5.jar;C:\Users\luisa\.m2\repository\com\tdunning\t-digest\3.1\t-digest-3.1.jar;C:\Users\luisa\.m2\repository\io\gatling\gatling-recorder\3.9.5\gatling-recorder-3.9.5.jar;C:\Users\luisa\.m2\repository\org\scala-lang\modules\scala-swing_2.13\3.0.0\scala-swing_2.13-3.0.0.jar;C:\Users\luisa\.m2\repository\io\gatling\gatling-recorder-bc-shaded\1.73\gatling-recorder-bc-shaded-1.73.jar;C:\Users\luisa\.m2\repository\com\typesafe\akka\akka-actor_2.13\2.6.20\akka-actor_2.13-2.6.20.jar;C:\Users\luisa\.m2\repository\com\typesafe\config\1.4.2\config-1.4.2.jar;C:\Users\luisa\.m2\repository\org\scala-lang\modules\scala-java8-compat_2.13\1.0.0\scala-java8-compat_2.13-1.0.0.jar;C:\Users\luisa\.m2\repository\org\scala-lang\scala-library\2.13.13\scala-library-2.13.13.jar;C:\Users\luisa\.m2\repository\org\junit\jupiter\junit-jupiter-api\5.10.2\junit-jupiter-api-5.10.2.jar;C:\Users\luisa\.m2\repository\org\opentest4j\opentest4j\1.3.0\opentest4j-1.3.0.jar;C:\Users\luisa\.m2\repository\org\junit\platform\junit-platform-commons\1.10.2\junit-platform-commons-1.10.2.jar;C:\Users\luisa\.m2\repository\org\apiguardian\apiguardian-api\1.1.2\apiguardian-api-1.1.2.jar;"/>
    <property name="java.vm.vendor" value="Eclipse Adoptium"/>
    <property name="sun.arch.data.model" value="64"/>
    <property name="user.variant" value=""/>
    <property name="java.vendor.url" value="https://adoptium.net/"/>
    <property name="user.timezone" value="America/Santiago"/>
    <property name="os.name" value="Windows 11"/>
    <property name="java.vm.specification.version" value="21"/>
    <property name="sun.java.launcher" value="SUN_STANDARD"/>
    <property name="user.country" value="CL"/>
    <property name="sun.boot.library.path" value="C:\Program Files\Eclipse Adoptium\jdk-21.0.2.13-hotspot\bin"/>
    <property name="sun.java.command" value="C:\Users\luisa\AppData\Local\Temp\surefire18174267622434702487\surefirebooter-20240915180050814_3.jar C:\Users\luisa\AppData\Local\Temp\surefire18174267622434702487 2024-09-15T18-00-50_382-jvmRun1 surefire-20240915180050814_1tmp surefire_0-20240915180050814_2tmp"/>
    <property name="jdk.debug" value="release"/>
    <property name="surefire.test.class.path" value="C:\Users\luisa\Desktop\KarateV1\karate-gatling\target\test-classes;C:\Users\luisa\Desktop\KarateV1\karate-gatling\target\classes;C:\Users\luisa\.m2\repository\io\karatelabs\karate-core\1.5.0\karate-core-1.5.0.jar;C:\Users\luisa\.m2\repository\org\graalvm\js\js-scriptengine\24.0.0\js-scriptengine-24.0.0.jar;C:\Users\luisa\.m2\repository\org\graalvm\polyglot\polyglot\24.0.0\polyglot-24.0.0.jar;C:\Users\luisa\.m2\repository\org\graalvm\sdk\collections\24.0.0\collections-24.0.0.jar;C:\Users\luisa\.m2\repository\org\graalvm\sdk\nativeimage\24.0.0\nativeimage-24.0.0.jar;C:\Users\luisa\.m2\repository\org\graalvm\sdk\word\24.0.0\word-24.0.0.jar;C:\Users\luisa\.m2\repository\org\graalvm\js\js-language\24.0.0\js-language-24.0.0.jar;C:\Users\luisa\.m2\repository\org\graalvm\regex\regex\24.0.0\regex-24.0.0.jar;C:\Users\luisa\.m2\repository\org\graalvm\truffle\truffle-api\24.0.0\truffle-api-24.0.0.jar;C:\Users\luisa\.m2\repository\org\graalvm\shadowed\icu4j\24.0.0\icu4j-24.0.0.jar;C:\Users\luisa\.m2\repository\org\thymeleaf\thymeleaf\3.1.2.RELEASE\thymeleaf-3.1.2.RELEASE.jar;C:\Users\luisa\.m2\repository\ognl\ognl\3.3.4\ognl-3.3.4.jar;C:\Users\luisa\.m2\repository\org\javassist\javassist\3.29.0-GA\javassist-3.29.0-GA.jar;C:\Users\luisa\.m2\repository\org\attoparser\attoparser\2.0.7.RELEASE\attoparser-2.0.7.RELEASE.jar;C:\Users\luisa\.m2\repository\org\unbescape\unbescape\1.1.6.RELEASE\unbescape-1.1.6.RELEASE.jar;C:\Users\luisa\.m2\repository\com\linecorp\armeria\armeria\1.29.2\armeria-1.29.2.jar;C:\Users\luisa\.m2\repository\com\fasterxml\jackson\core\jackson-core\2.17.1\jackson-core-2.17.1.jar;C:\Users\luisa\.m2\repository\com\fasterxml\jackson\core\jackson-annotations\2.17.1\jackson-annotations-2.17.1.jar;C:\Users\luisa\.m2\repository\com\fasterxml\jackson\core\jackson-databind\2.17.1\jackson-databind-2.17.1.jar;C:\Users\luisa\.m2\repository\com\fasterxml\jackson\datatype\jackson-datatype-jdk8\2.17.1\jackson-datatype-jdk8-2.17.1.jar;C:\Users\luisa\.m2\repository\com\fasterxml\jackson\datatype\jackson-datatype-jsr310\2.17.1\jackson-datatype-jsr310-2.17.1.jar;C:\Users\luisa\.m2\repository\io\micrometer\micrometer-core\1.13.0\micrometer-core-1.13.0.jar;C:\Users\luisa\.m2\repository\io\micrometer\micrometer-commons\1.13.0\micrometer-commons-1.13.0.jar;C:\Users\luisa\.m2\repository\io\micrometer\micrometer-observation\1.13.0\micrometer-observation-1.13.0.jar;C:\Users\luisa\.m2\repository\org\hdrhistogram\HdrHistogram\2.2.1\HdrHistogram-2.2.1.jar;C:\Users\luisa\.m2\repository\org\latencyutils\LatencyUtils\2.0.3\LatencyUtils-2.0.3.jar;C:\Users\luisa\.m2\repository\io\netty\netty-transport\4.1.110.Final\netty-transport-4.1.110.Final.jar;C:\Users\luisa\.m2\repository\io\netty\netty-common\4.1.110.Final\netty-common-4.1.110.Final.jar;C:\Users\luisa\.m2\repository\io\netty\netty-buffer\4.1.110.Final\netty-buffer-4.1.110.Final.jar;C:\Users\luisa\.m2\repository\io\netty\netty-resolver\4.1.110.Final\netty-resolver-4.1.110.Final.jar;C:\Users\luisa\.m2\repository\io\netty\netty-codec-haproxy\4.1.110.Final\netty-codec-haproxy-4.1.110.Final.jar;C:\Users\luisa\.m2\repository\io\netty\netty-codec\4.1.110.Final\netty-codec-4.1.110.Final.jar;C:\Users\luisa\.m2\repository\io\netty\netty-codec-http2\4.1.110.Final\netty-codec-http2-4.1.110.Final.jar;C:\Users\luisa\.m2\repository\io\netty\netty-handler\4.1.110.Final\netty-handler-4.1.110.Final.jar;C:\Users\luisa\.m2\repository\io\netty\netty-codec-http\4.1.110.Final\netty-codec-http-4.1.110.Final.jar;C:\Users\luisa\.m2\repository\io\netty\netty-resolver-dns\4.1.110.Final\netty-resolver-dns-4.1.110.Final.jar;C:\Users\luisa\.m2\repository\io\netty\netty-codec-dns\4.1.110.Final\netty-codec-dns-4.1.110.Final.jar;C:\Users\luisa\.m2\repository\io\netty\netty-transport-native-unix-common\4.1.110.Final\netty-transport-native-unix-common-4.1.110.Final-linux-x86_64.jar;C:\Users\luisa\.m2\repository\io\netty\netty-transport-native-unix-common\4.1.110.Final\netty-transport-native-unix-common-4.1.110.Final-linux-aarch_64.jar;C:\Users\luisa\.m2\repository\io\netty\netty-transport-native-unix-common\4.1.110.Final\netty-transport-native-unix-common-4.1.110.Final-osx-x86_64.jar;C:\Users\luisa\.m2\repository\io\netty\netty-transport-native-unix-common\4.1.110.Final\netty-transport-native-unix-common-4.1.110.Final-osx-aarch_64.jar;C:\Users\luisa\.m2\repository\org\reactivestreams\reactive-streams\1.0.4\reactive-streams-1.0.4.jar;C:\Users\luisa\.m2\repository\com\google\code\findbugs\jsr305\3.0.2\jsr305-3.0.2.jar;C:\Users\luisa\.m2\repository\io\netty\netty-handler-proxy\4.1.110.Final\netty-handler-proxy-4.1.110.Final.jar;C:\Users\luisa\.m2\repository\io\netty\netty-codec-socks\4.1.110.Final\netty-codec-socks-4.1.110.Final.jar;C:\Users\luisa\.m2\repository\io\netty\netty-transport-native-epoll\4.1.110.Final\netty-transport-native-epoll-4.1.110.Final-linux-x86_64.jar;C:\Users\luisa\.m2\repository\io\netty\netty-transport-native-unix-common\4.1.110.Final\netty-transport-native-unix-common-4.1.110.Final.jar;C:\Users\luisa\.m2\repository\io\netty\netty-transport-classes-epoll\4.1.110.Final\netty-transport-classes-epoll-4.1.110.Final.jar;C:\Users\luisa\.m2\repository\io\netty\netty-transport-native-epoll\4.1.110.Final\netty-transport-native-epoll-4.1.110.Final-linux-aarch_64.jar;C:\Users\luisa\.m2\repository\io\netty\netty-transport-native-kqueue\4.1.110.Final\netty-transport-native-kqueue-4.1.110.Final-osx-x86_64.jar;C:\Users\luisa\.m2\repository\io\netty\netty-transport-classes-kqueue\4.1.110.Final\netty-transport-classes-kqueue-4.1.110.Final.jar;C:\Users\luisa\.m2\repository\io\netty\netty-resolver-dns-native-macos\4.1.110.Final\netty-resolver-dns-native-macos-4.1.110.Final-osx-x86_64.jar;C:\Users\luisa\.m2\repository\io\netty\netty-resolver-dns-classes-macos\4.1.110.Final\netty-resolver-dns-classes-macos-4.1.110.Final.jar;C:\Users\luisa\.m2\repository\io\netty\netty-transport-native-kqueue\4.1.110.Final\netty-transport-native-kqueue-4.1.110.Final-osx-aarch_64.jar;C:\Users\luisa\.m2\repository\io\netty\netty-resolver-dns-native-macos\4.1.110.Final\netty-resolver-dns-native-macos-4.1.110.Final-osx-aarch_64.jar;C:\Users\luisa\.m2\repository\io\netty\netty-tcnative-boringssl-static\2.0.65.Final\netty-tcnative-boringssl-static-2.0.65.Final-linux-x86_64.jar;C:\Users\luisa\.m2\repository\io\netty\netty-tcnative-classes\2.0.65.Final\netty-tcnative-classes-2.0.65.Final.jar;C:\Users\luisa\.m2\repository\io\netty\netty-tcnative-boringssl-static\2.0.65.Final\netty-tcnative-boringssl-static-2.0.65.Final-linux-aarch_64.jar;C:\Users\luisa\.m2\repository\io\netty\netty-tcnative-boringssl-static\2.0.65.Final\netty-tcnative-boringssl-static-2.0.65.Final-osx-x86_64.jar;C:\Users\luisa\.m2\repository\io\netty\netty-tcnative-boringssl-static\2.0.65.Final\netty-tcnative-boringssl-static-2.0.65.Final-osx-aarch_64.jar;C:\Users\luisa\.m2\repository\io\netty\netty-tcnative-boringssl-static\2.0.65.Final\netty-tcnative-boringssl-static-2.0.65.Final-windows-x86_64.jar;C:\Users\luisa\.m2\repository\com\aayushatharva\brotli4j\brotli4j\1.16.0\brotli4j-1.16.0.jar;C:\Users\luisa\.m2\repository\com\aayushatharva\brotli4j\service\1.16.0\service-1.16.0.jar;C:\Users\luisa\.m2\repository\com\aayushatharva\brotli4j\native-windows-x86_64\1.16.0\native-windows-x86_64-1.16.0.jar;C:\Users\luisa\.m2\repository\org\apache\httpcomponents\httpclient\4.5.14\httpclient-4.5.14.jar;C:\Users\luisa\.m2\repository\org\apache\httpcomponents\httpcore\4.4.16\httpcore-4.4.16.jar;C:\Users\luisa\.m2\repository\commons-codec\commons-codec\1.16.1\commons-codec-1.16.1.jar;C:\Users\luisa\.m2\repository\ch\qos\logback\logback-classic\1.5.4\logback-classic-1.5.4.jar;C:\Users\luisa\.m2\repository\ch\qos\logback\logback-core\1.5.4\logback-core-1.5.4.jar;C:\Users\luisa\.m2\repository\org\slf4j\jcl-over-slf4j\2.0.12\jcl-over-slf4j-2.0.12.jar;C:\Users\luisa\.m2\repository\org\slf4j\slf4j-api\2.0.12\slf4j-api-2.0.12.jar;C:\Users\luisa\.m2\repository\org\antlr\antlr4-runtime\4.13.1\antlr4-runtime-4.13.1.jar;C:\Users\luisa\.m2\repository\com\jayway\jsonpath\json-path\2.9.0\json-path-2.9.0.jar;C:\Users\luisa\.m2\repository\net\minidev\json-smart\2.5.1\json-smart-2.5.1.jar;C:\Users\luisa\.m2\repository\net\minidev\accessors-smart\2.5.1\accessors-smart-2.5.1.jar;C:\Users\luisa\.m2\repository\org\ow2\asm\asm\9.6\asm-9.6.jar;C:\Users\luisa\.m2\repository\org\yaml\snakeyaml\2.2\snakeyaml-2.2.jar;C:\Users\luisa\.m2\repository\de\siegmar\fastcsv\3.1.0\fastcsv-3.1.0.jar;C:\Users\luisa\.m2\repository\info\picocli\picocli\4.7.5\picocli-4.7.5.jar;C:\Users\luisa\.m2\repository\io\github\classgraph\classgraph\4.8.170\classgraph-4.8.170.jar;C:\Users\luisa\.m2\repository\io\github\t12y\resemble\1.1.0\resemble-1.1.0.jar;C:\Users\luisa\.m2\repository\io\github\t12y\ssim\1.0.0\ssim-1.0.0.jar;C:\Users\luisa\.m2\repository\io\gatling\highcharts\gatling-charts-highcharts\3.9.5\gatling-charts-highcharts-3.9.5.jar;C:\Users\luisa\.m2\repository\io\gatling\gatling-app\3.9.5\gatling-app-3.9.5.jar;C:\Users\luisa\.m2\repository\io\gatling\gatling-core\3.9.5\gatling-core-3.9.5.jar;C:\Users\luisa\.m2\repository\io\gatling\gatling-netty-util\3.9.5\gatling-netty-util-3.9.5.jar;C:\Users\luisa\.m2\repository\io\gatling\gatling-jdk-util\3.9.5\gatling-jdk-util-3.9.5.jar;C:\Users\luisa\.m2\repository\io\netty\incubator\netty-incubator-transport-native-io_uring\0.0.21.Final\netty-incubator-transport-native-io_uring-0.0.21.Final-linux-x86_64.jar;C:\Users\luisa\.m2\repository\io\netty\incubator\netty-incubator-transport-classes-io_uring\0.0.21.Final\netty-incubator-transport-classes-io_uring-0.0.21.Final.jar;C:\Users\luisa\.m2\repository\io\netty\incubator\netty-incubator-transport-native-io_uring\0.0.21.Final\netty-incubator-transport-native-io_uring-0.0.21.Final-linux-aarch_64.jar;C:\Users\luisa\.m2\repository\io\gatling\gatling-commons\3.9.5\gatling-commons-3.9.5.jar;C:\Users\luisa\.m2\repository\io\gatling\gatling-commons-shared\3.9.5\gatling-commons-shared-3.9.5.jar;C:\Users\luisa\.m2\repository\org\scala-lang\scala-reflect\2.13.10\scala-reflect-2.13.10.jar;C:\Users\luisa\.m2\repository\io\suzaku\boopickle_2.13\1.3.3\boopickle_2.13-1.3.3.jar;C:\Users\luisa\.m2\repository\io\gatling\gatling-commons-shared-unstable\3.9.5\gatling-commons-shared-unstable-3.9.5.jar;C:\Users\luisa\.m2\repository\org\typelevel\spire-macros_2.13\0.17.0\spire-macros_2.13-0.17.0.jar;C:\Users\luisa\.m2\repository\com\typesafe\scala-logging\scala-logging_2.13\3.9.5\scala-logging_2.13-3.9.5.jar;C:\Users\luisa\.m2\repository\io\gatling\gatling-jsonpath\3.9.5\gatling-jsonpath-3.9.5.jar;C:\Users\luisa\.m2\repository\com\typesafe\akka\akka-slf4j_2.13\2.6.20\akka-slf4j_2.13-2.6.20.jar;C:\Users\luisa\.m2\repository\org\simpleflatmapper\lightning-csv\8.2.3\lightning-csv-8.2.3.jar;C:\Users\luisa\.m2\repository\org\simpleflatmapper\sfm-util\8.2.3\sfm-util-8.2.3.jar;C:\Users\luisa\.m2\repository\com\github\ben-manes\caffeine\caffeine\2.9.3\caffeine-2.9.3.jar;C:\Users\luisa\.m2\repository\org\checkerframework\checker-qual\3.19.0\checker-qual-3.19.0.jar;C:\Users\luisa\.m2\repository\com\google\errorprone\error_prone_annotations\2.10.0\error_prone_annotations-2.10.0.jar;C:\Users\luisa\.m2\repository\io\pebbletemplates\pebble\3.2.1\pebble-3.2.1.jar;C:\Users\luisa\.m2\repository\org\scala-lang\modules\scala-parser-combinators_2.13\2.3.0\scala-parser-combinators_2.13-2.3.0.jar;C:\Users\luisa\.m2\repository\com\github\scopt\scopt_2.13\3.7.1\scopt_2.13-3.7.1.jar;C:\Users\luisa\.m2\repository\com\softwaremill\quicklens\quicklens_2.13\1.9.3\quicklens_2.13-1.9.3.jar;C:\Users\luisa\.m2\repository\net\sf\saxon\Saxon-HE\10.6\Saxon-HE-10.6.jar;C:\Users\luisa\.m2\repository\org\jodd\jodd-lagarto\6.0.6\jodd-lagarto-6.0.6.jar;C:\Users\luisa\.m2\repository\org\jodd\jodd-util\6.1.0\jodd-util-6.1.0.jar;C:\Users\luisa\.m2\repository\io\burt\jmespath-jackson\0.5.1\jmespath-jackson-0.5.1.jar;C:\Users\luisa\.m2\repository\io\burt\jmespath-core\0.5.1\jmespath-core-0.5.1.jar;C:\Users\luisa\.m2\repository\io\gatling\gatling-core-java\3.9.5\gatling-core-java-3.9.5.jar;C:\Users\luisa\.m2\repository\net\jodah\typetools\0.6.3\typetools-0.6.3.jar;C:\Users\luisa\.m2\repository\io\gatling\gatling-http\3.9.5\gatling-http-3.9.5.jar;C:\Users\luisa\.m2\repository\io\gatling\gatling-http-client\3.9.5\gatling-http-client-3.9.5.jar;C:\Users\luisa\.m2\repository\io\netty\netty-tcnative-boringssl-static\2.0.61.Final\netty-tcnative-boringssl-static-2.0.61.Final.jar;C:\Users\luisa\.m2\repository\com\aayushatharva\brotli4j\native-linux-x86_64\1.11.0\native-linux-x86_64-1.11.0.jar;C:\Users\luisa\.m2\repository\com\aayushatharva\brotli4j\native-linux-aarch64\1.11.0\native-linux-aarch64-1.11.0.jar;C:\Users\luisa\.m2\repository\com\aayushatharva\brotli4j\native-osx-x86_64\1.11.0\native-osx-x86_64-1.11.0.jar;C:\Users\luisa\.m2\repository\com\aayushatharva\brotli4j\native-osx-aarch64\1.11.0\native-osx-aarch64-1.11.0.jar;C:\Users\luisa\.m2\repository\io\gatling\gatling-http-java\3.9.5\gatling-http-java-3.9.5.jar;C:\Users\luisa\.m2\repository\io\gatling\gatling-jms\3.9.5\gatling-jms-3.9.5.jar;C:\Users\luisa\.m2\repository\javax\jms\javax.jms-api\2.0.1\javax.jms-api-2.0.1.jar;C:\Users\luisa\.m2\repository\com\eatthepath\fast-uuid\0.2.0\fast-uuid-0.2.0.jar;C:\Users\luisa\.m2\repository\io\gatling\gatling-jms-java\3.9.5\gatling-jms-java-3.9.5.jar;C:\Users\luisa\.m2\repository\io\gatling\gatling-mqtt\3.9.5\gatling-mqtt-3.9.5.jar;C:\Users\luisa\.m2\repository\io\netty\netty-codec-mqtt\4.1.92.Final\netty-codec-mqtt-4.1.92.Final.jar;C:\Users\luisa\.m2\repository\io\gatling\gatling-mqtt-java\3.9.5\gatling-mqtt-java-3.9.5.jar;C:\Users\luisa\.m2\repository\io\gatling\gatling-jdbc\3.9.5\gatling-jdbc-3.9.5.jar;C:\Users\luisa\.m2\repository\io\gatling\gatling-jdbc-java\3.9.5\gatling-jdbc-java-3.9.5.jar;C:\Users\luisa\.m2\repository\io\gatling\gatling-redis\3.9.5\gatling-redis-3.9.5.jar;C:\Users\luisa\.m2\repository\net\debasishg\redisclient_2.13\3.42\redisclient_2.13-3.42.jar;C:\Users\luisa\.m2\repository\org\apache\commons\commons-pool2\2.8.0\commons-pool2-2.8.0.jar;C:\Users\luisa\.m2\repository\io\gatling\gatling-redis-java\3.9.5\gatling-redis-java-3.9.5.jar;C:\Users\luisa\.m2\repository\io\gatling\gatling-graphite\3.9.5\gatling-graphite-3.9.5.jar;C:\Users\luisa\.m2\repository\io\gatling\gatling-charts\3.9.5\gatling-charts-3.9.5.jar;C:\Users\luisa\.m2\repository\com\tdunning\t-digest\3.1\t-digest-3.1.jar;C:\Users\luisa\.m2\repository\io\gatling\gatling-recorder\3.9.5\gatling-recorder-3.9.5.jar;C:\Users\luisa\.m2\repository\org\scala-lang\modules\scala-swing_2.13\3.0.0\scala-swing_2.13-3.0.0.jar;C:\Users\luisa\.m2\repository\io\gatling\gatling-recorder-bc-shaded\1.73\gatling-recorder-bc-shaded-1.73.jar;C:\Users\luisa\.m2\repository\com\typesafe\akka\akka-actor_2.13\2.6.20\akka-actor_2.13-2.6.20.jar;C:\Users\luisa\.m2\repository\com\typesafe\config\1.4.2\config-1.4.2.jar;C:\Users\luisa\.m2\repository\org\scala-lang\modules\scala-java8-compat_2.13\1.0.0\scala-java8-compat_2.13-1.0.0.jar;C:\Users\luisa\.m2\repository\org\scala-lang\scala-library\2.13.13\scala-library-2.13.13.jar;C:\Users\luisa\.m2\repository\org\junit\jupiter\junit-jupiter-api\5.10.2\junit-jupiter-api-5.10.2.jar;C:\Users\luisa\.m2\repository\org\opentest4j\opentest4j\1.3.0\opentest4j-1.3.0.jar;C:\Users\luisa\.m2\repository\org\junit\platform\junit-platform-commons\1.10.2\junit-platform-commons-1.10.2.jar;C:\Users\luisa\.m2\repository\org\apiguardian\apiguardian-api\1.1.2\apiguardian-api-1.1.2.jar;"/>
    <property name="sun.cpu.endian" value="little"/>
    <property name="user.home" value="C:\Users\luisa"/>
    <property name="user.language" value="es"/>
    <property name="java.specification.vendor" value="Oracle Corporation"/>
    <property name="java.version.date" value="2024-01-16"/>
    <property name="java.home" value="C:\Program Files\Eclipse Adoptium\jdk-21.0.2.13-hotspot"/>
    <property name="file.separator" value="\"/>
    <property name="basedir" value="C:\Users\luisa\Desktop\KarateV1\karate-gatling"/>
    <property name="java.vm.compressedOopsMode" value="32-bit"/>
    <property name="line.separator" value="&#10;"/>
    <property name="java.vm.specification.vendor" value="Oracle Corporation"/>
    <property name="java.specification.name" value="Java Platform API Specification"/>
    <property name="surefire.real.class.path" value="C:\Users\luisa\AppData\Local\Temp\surefire18174267622434702487\surefirebooter-20240915180050814_3.jar"/>
    <property name="user.script" value=""/>
    <property name="sun.management.compiler" value="HotSpot 64-Bit Tiered Compilers"/>
    <property name="java.runtime.version" value="21.0.2+13-LTS"/>
    <property name="user.name" value="luisa"/>
    <property name="stdout.encoding" value="Cp1252"/>
    <property name="path.separator" value=";"/>
    <property name="os.version" value="10.0"/>
    <property name="java.runtime.name" value="OpenJDK Runtime Environment"/>
    <property name="file.encoding" value="UTF-8"/>
    <property name="java.vm.name" value="OpenJDK 64-Bit Server VM"/>
    <property name="java.vendor.version" value="Temurin-21.0.2+13"/>
    <property name="localRepository" value="C:\Users\luisa\.m2\repository"/>
    <property name="java.vendor.url.bug" value="https://github.com/adoptium/adoptium-support/issues"/>
    <property name="java.io.tmpdir" value="C:\Users\luisa\AppData\Local\Temp\"/>
    <property name="java.version" value="21.0.2"/>
    <property name="user.dir" value="C:\Users\luisa\Desktop\KarateV1\karate-gatling"/>
    <property name="os.arch" value="amd64"/>
    <property name="java.vm.specification.name" value="Java Virtual Machine Specification"/>
    <property name="sun.os.patch.level" value=""/>
    <property name="native.encoding" value="Cp1252"/>
    <property name="java.library.path" value="C:\Program Files\Eclipse Adoptium\jdk-21.0.2.13-hotspot\bin;C:\WINDOWS\Sun\Java\bin;C:\WINDOWS\system32;C:\WINDOWS;C:\Python312\Scripts\;C:\Python312\;C:\Program Files\Eclipse Adoptium\jdk-21.0.2.13-hotspot\bin;C:\Windows\system32;C:\Windows;C:\Windows\System32\Wbem;C:\Windows\System32\WindowsPowerShell\v1.0\;C:\Windows\System32\OpenSSH\;C:\Program Files (x86)\NVIDIA Corporation\PhysX\Common;C:\Program Files\NVIDIA Corporation\NVIDIA NvDLISR;C:\WINDOWS\system32;C:\WINDOWS;C:\WINDOWS\System32\Wbem;C:\WINDOWS\System32\WindowsPowerShell\v1.0\;C:\WINDOWS\System32\OpenSSH\;C:\Users\luisa\Desktop\apache-maven-3.9.6\bin;C:\ProgramData\chocolatey\bin;C:\Program Files\Git\cmd;C:\Users\luisa\Desktop\apache-maven-3.9.6\bin;C:\Program Files\GitHub CLI\;C:\Users\luisa\AppData\Local\Microsoft\WindowsApps;C:\Users\luisa\AppData\Local\Programs\Microsoft VS Code\bin;C:\Program Files\apache-maven-3.9.9\bin;C:\Users\luisa\AppData\Local\GitHubDesktop\bin;;."/>
    <property name="java.vm.info" value="mixed mode, sharing"/>
    <property name="stderr.encoding" value="Cp1252"/>
    <property name="java.vendor" value="Eclipse Adoptium"/>
    <property name="java.vm.version" value="21.0.2+13-LTS"/>
    <property name="sun.io.unicode.encoding" value="UnicodeLittle"/>
    <property name="java.class.version" value="65.0"/>
  </properties>
  <testcase name="karateProtocol" classname="com.intuit.karate.gatling.javaapi.KarateProtocolBuilderTest" time="0.121"/>
  <testcase name="uriPatterns" classname="com.intuit.karate.gatling.javaapi.KarateProtocolBuilderTest" time="0.237"/>
</testsuite>